# JRE version: OpenJDK Runtime Environment (16.0.2+7) (build 16.0.2+7-67)
# Java VM: OpenJDK 64-Bit Server VM (16.0.2+7-67, mixed mode, tiered, compressed oops, compressed class ptrs, g1 gc, windows-amd64)
GC Precious Log:
 CPUs: 12 total, 12 available
 Memory: 8035M
 Large Page Support: Disabled
 NUMA Support: Disabled
 Compressed Oops: Enabled (32-bit)
 Heap Region Size: 1M
 Heap Min Capacity: 8M
 Heap Initial Capacity: 126M
 Heap Max Capacity: 2010M
 Pre-touch: Disabled
 Parallel Workers: 10
 Concurrent Workers: 3
 Concurrent Refinement Workers: 10
 Periodic GC: Disabled
Heap:
 garbage-first heap   total 97280K, used 37205K [0x0000000082600000, 0x0000000100000000)
  region size 1024K, 19 young (19456K), 7 survivors (7168K)
 Metaspace       used 67182K, committed 67648K, reserved 1114112K
  class space    used 8795K, committed 9024K, reserved 1048576K
GC Heap History (20 events):
Event: 1.669 GC heap before
{Heap before GC invocations=11 (full 0):
 garbage-first heap   total 71680K, used 43826K [0x0000000082600000, 0x0000000100000000)
  region size 1024K, 34 young (34816K), 3 survivors (3072K)
 Metaspace       used 35332K, committed 35648K, reserved 1081344K
  class space    used 4299K, committed 4416K, reserved 1048576K
}
Event: 1.675 GC heap after
{Heap after GC invocations=12 (full 0):
 garbage-first heap   total 71680K, used 14987K [0x0000000082600000, 0x0000000100000000)
  region size 1024K, 5 young (5120K), 5 survivors (5120K)
 Metaspace       used 35332K, committed 35648K, reserved 1081344K
  class space    used 4299K, committed 4416K, reserved 1048576K
}
Event: 1.790 GC heap before
{Heap before GC invocations=13 (full 0):
 garbage-first heap   total 61440K, used 51851K [0x0000000082600000, 0x0000000100000000)
  region size 1024K, 42 young (43008K), 5 survivors (5120K)
 Metaspace       used 36362K, committed 36800K, reserved 1081344K
  class space    used 4400K, committed 4608K, reserved 1048576K
}
Event: 1.796 GC heap after
{Heap after GC invocations=14 (full 0):
 garbage-first heap   total 61440K, used 15694K [0x0000000082600000, 0x0000000100000000)
  region size 1024K, 4 young (4096K), 4 survivors (4096K)
 Metaspace       used 36362K, committed 36800K, reserved 1081344K
  class space    used 4400K, committed 4608K, reserved 1048576K
}
Event: 1.906 GC heap before
{Heap before GC invocations=14 (full 0):
 garbage-first heap   total 61440K, used 47438K [0x0000000082600000, 0x0000000100000000)
  region size 1024K, 36 young (36864K), 4 survivors (4096K)
 Metaspace       used 38126K, committed 38528K, reserved 1089536K
  class space    used 4614K, committed 4800K, reserved 1048576K
}
Event: 1.908 GC heap after
{Heap after GC invocations=15 (full 0):
 garbage-first heap   total 61440K, used 16508K [0x0000000082600000, 0x0000000100000000)
  region size 1024K, 2 young (2048K), 2 survivors (2048K)
 Metaspace       used 38126K, committed 38528K, reserved 1089536K
  class space    used 4614K, committed 4800K, reserved 1048576K
}
Event: 2.059 GC heap before
{Heap before GC invocations=15 (full 0):
 garbage-first heap   total 61440K, used 49276K [0x0000000082600000, 0x0000000100000000)
  region size 1024K, 34 young (34816K), 2 survivors (2048K)
 Metaspace       used 41262K, committed 41664K, reserved 1089536K
  class space    used 5069K, committed 5248K, reserved 1048576K
}
Event: 2.061 GC heap after
{Heap after GC invocations=16 (full 0):
 garbage-first heap   total 80896K, used 16838K [0x0000000082600000, 0x0000000100000000)
  region size 1024K, 3 young (3072K), 3 survivors (3072K)
 Metaspace       used 41262K, committed 41664K, reserved 1089536K
  class space    used 5069K, committed 5248K, reserved 1048576K
}
Event: 2.351 GC heap before
{Heap before GC invocations=16 (full 0):
 garbage-first heap   total 80896K, used 60870K [0x0000000082600000, 0x0000000100000000)
  region size 1024K, 47 young (48128K), 3 survivors (3072K)
 Metaspace       used 46646K, committed 46976K, reserved 1097728K
  class space    used 5807K, committed 5952K, reserved 1048576K
}
Event: 2.355 GC heap after
{Heap after GC invocations=17 (full 0):
 garbage-first heap   total 80896K, used 17806K [0x0000000082600000, 0x0000000100000000)
  region size 1024K, 3 young (3072K), 3 survivors (3072K)
 Metaspace       used 46646K, committed 46976K, reserved 1097728K
  class space    used 5807K, committed 5952K, reserved 1048576K
}
Event: 2.679 GC heap before
{Heap before GC invocations=17 (full 0):
 garbage-first heap   total 80896K, used 62862K [0x0000000082600000, 0x0000000100000000)
  region size 1024K, 47 young (48128K), 3 survivors (3072K)
 Metaspace       used 51839K, committed 52224K, reserved 1097728K
  class space    used 6524K, committed 6656K, reserved 1048576K
}
Event: 2.682 GC heap after
{Heap after GC invocations=18 (full 0):
 garbage-first heap   total 80896K, used 19622K [0x0000000082600000, 0x0000000100000000)
  region size 1024K, 5 young (5120K), 5 survivors (5120K)
 Metaspace       used 51839K, committed 52224K, reserved 1097728K
  class space    used 6524K, committed 6656K, reserved 1048576K
}
Event: 2.867 GC heap before
{Heap before GC invocations=18 (full 0):
 garbage-first heap   total 80896K, used 61606K [0x0000000082600000, 0x0000000100000000)
  region size 1024K, 47 young (48128K), 5 survivors (5120K)
 Metaspace       used 56066K, committed 56448K, reserved 1105920K
  class space    used 7089K, committed 7232K, reserved 1048576K
}
Event: 2.870 GC heap after
{Heap after GC invocations=19 (full 0):
 garbage-first heap   total 80896K, used 20441K [0x0000000082600000, 0x0000000100000000)
  region size 1024K, 4 young (4096K), 4 survivors (4096K)
 Metaspace       used 56066K, committed 56448K, reserved 1105920K
  class space    used 7089K, committed 7232K, reserved 1048576K
}
Event: 3.190 GC heap before
{Heap before GC invocations=19 (full 0):
 garbage-first heap   total 80896K, used 58329K [0x0000000082600000, 0x0000000100000000)
  region size 1024K, 42 young (43008K), 4 survivors (4096K)
 Metaspace       used 59261K, committed 59648K, reserved 1105920K
  class space    used 7642K, committed 7872K, reserved 1048576K
}
Event: 3.192 GC heap after
{Heap after GC invocations=20 (full 0):
 garbage-first heap   total 80896K, used 21704K [0x0000000082600000, 0x0000000100000000)
  region size 1024K, 4 young (4096K), 4 survivors (4096K)
 Metaspace       used 59261K, committed 59648K, reserved 1105920K
  class space    used 7642K, committed 7872K, reserved 1048576K
}
Event: 3.511 GC heap before
{Heap before GC invocations=21 (full 0):
 garbage-first heap   total 80896K, used 65736K [0x0000000082600000, 0x0000000100000000)
  region size 1024K, 47 young (48128K), 4 survivors (4096K)
 Metaspace       used 62140K, committed 62592K, reserved 1105920K
  class space    used 8110K, committed 8320K, reserved 1048576K
}
Event: 3.514 GC heap after
{Heap after GC invocations=22 (full 0):
 garbage-first heap   total 97280K, used 23392K [0x0000000082600000, 0x0000000100000000)
  region size 1024K, 4 young (4096K), 4 survivors (4096K)
 Metaspace       used 62140K, committed 62592K, reserved 1105920K
  class space    used 8110K, committed 8320K, reserved 1048576K
}
Event: 13.062 GC heap before
{Heap before GC invocations=22 (full 0):
 garbage-first heap   total 97280K, used 76640K [0x0000000082600000, 0x0000000100000000)
  region size 1024K, 57 young (58368K), 4 survivors (4096K)
 Metaspace       used 66315K, committed 66752K, reserved 1114112K
  class space    used 8668K, committed 8896K, reserved 1048576K
}
Event: 13.066 GC heap after
{Heap after GC invocations=23 (full 0):
 garbage-first heap   total 97280K, used 25941K [0x0000000082600000, 0x0000000100000000)
  region size 1024K, 7 young (7168K), 7 survivors (7168K)
 Metaspace       used 66315K, committed 66752K, reserved 1114112K
  class space    used 8668K, committed 8896K, reserved 1048576K
}

